{
  "rootpath": "ROOTPATH",
  "collectionStrt": "single",
  "collection": "vatex",
  "trainCollection": null,
  "valCollection": null,
  "testCollection": null,
  "overwrite": 0,
  "model": "dual_encoding_latent",
  "space": "latent",
  "concate": "full",
  "measure": "cosine",
  "measure_2": "jaccard",
  "dropout": 0.2,
  "vocab": "word_vocab_5",
  "word_dim": 500,
  "text_rnn_size": 512,
  "text_kernel_num": 512,
  "text_kernel_sizes": "2-3-4",
  "text_norm": true,
  "visual_feature": "i3d_kinetics",
  "visual_rnn_size": 512,
  "visual_kernel_num": 512,
  "visual_kernel_sizes": "2-3-4-5",
  "visual_norm": true,
  "gru_pool": "mean",
  "text_mapping_layers": "0-1536",
  "visual_mapping_layers": "0-1536",
  "loss_fun": "mrl",
  "margin": 0.2,
  "margin_2": 0.2,
  "direction": "all",
  "max_violation": true,
  "cost_style": "sum",
  "optimizer": "rmsprop",
  "learning_rate": 0.0001,
  "lr_decay_rate": 0.99,
  "grad_clip": 2,
  "resume": "",
  "val_metric": "recall",
  "num_epochs": 50,
  "batch_size": 128,
  "workers": 5,
  "postfix": "runs_0",
  "log_step": 10,
  "cv_name": "cv_tpami_2022",
  "tag_vocab_size": 512,
  "text_num_attention": 8,
  "text_hidden_size": 768,
  "text_pooling": "mean",
  "text_layer": 1,
  "layer_list": null,
  "train_en_Collection": "vatextrain",
  "val_en_Collection": "vatexval",
  "test_en_Collection": "vatextest",
  "train_zh_Collection": "vatextrain_zh",
  "val_zh_Collection": "vatexval_zh",
  "test_zh_Collection": "vatextest_zh",
  "collections_pathname": {
    "train": "vatex",
    "val": "vatex",
    "test": "vatex"
  },
  "cap_en_file": {
    "train": "vatextrain.caption.txt",
    "val": "vatexval.caption.txt"
  },
  "cap_zh_file": {
    "train": "vatextrain_zh.caption.txt",
    "val": "vatexval_zh.caption.txt"
  },
  "logger_name": "ROOTPATH/vatex/cv_tpami_2022"
}
